<?xml version="1.0" encoding="UTF-8"?>
<testng-results skipped="0" failed="0" ignored="2" total="3" passed="1">
  <reporter-output>
  </reporter-output>
  <suite name="Default suite" duration-ms="29775" started-at="2020-01-16T07:31:45 EST" finished-at="2020-01-16T07:32:15 EST">
    <groups>
    </groups>
    <test name="Default test" duration-ms="29775" started-at="2020-01-16T07:31:45 EST" finished-at="2020-01-16T07:32:15 EST">
      <class name="com.accenture.tests.TestSearchAndValidate">
        <test-method status="PASS" signature="setUpAppium()[pri:0, instance:com.accenture.tests.TestSearchAndValidate@15b6aac]" name="setUpAppium" is-config="true" duration-ms="17323" started-at="2020-01-16T07:31:28 EST" finished-at="2020-01-16T07:31:45 EST">
          <reporter-output>
          </reporter-output>
        </test-method> <!-- setUpAppium -->
        <test-method status="PASS" signature="setUpClass()[pri:0, instance:com.accenture.tests.TestSearchAndValidate@15b6aac]" name="setUpClass" is-config="true" duration-ms="404" started-at="2020-01-16T07:31:45 EST" finished-at="2020-01-16T07:31:46 EST">
          <reporter-output>
          </reporter-output>
        </test-method> <!-- setUpClass -->
        <test-method status="PASS" signature="testSearch()[pri:0, instance:com.accenture.tests.TestSearchAndValidate@15b6aac]" name="testSearch" duration-ms="29216" started-at="2020-01-16T07:31:46 EST" finished-at="2020-01-16T07:32:15 EST">
          <reporter-output>
          </reporter-output>
        </test-method> <!-- testSearch -->
        <test-method status="PASS" signature="tearDownClass()[pri:0, instance:com.accenture.tests.TestSearchAndValidate@15b6aac]" name="tearDownClass" is-config="true" duration-ms="22" started-at="2020-01-16T07:32:15 EST" finished-at="2020-01-16T07:32:15 EST">
          <reporter-output>
          </reporter-output>
        </test-method> <!-- tearDownClass -->
        <test-method status="PASS" signature="tearDownAppium()[pri:0, instance:com.accenture.tests.TestSearchAndValidate@15b6aac]" name="tearDownAppium" is-config="true" duration-ms="1733" started-at="2020-01-16T07:32:16 EST" finished-at="2020-01-16T07:32:17 EST">
          <reporter-output>
          </reporter-output>
        </test-method> <!-- tearDownAppium -->
      </class> <!-- com.accenture.tests.TestSearchAndValidate -->
    </test> <!-- Default test -->
  </suite> <!-- Default suite -->
</testng-results>
