<?xml version="1.0" encoding="UTF-8"?>
<!-- Generated by org.testng.reporters.JUnitXMLReporter -->
<testsuite hostname="tom" ignored="2" name="Default test" tests="1" failures="0" timestamp="2020-01-16T07:32:15 EST" time="29.775" errors="0">
  <testcase name="testSearch" time="29.216" classname="com.accenture.tests.TestSearchAndValidate"/>
  <testcase name="canLoginToApp" time="0.0" classname="com.accenture.tests.TestSearchAndValidate">
    <ignored/>
  </testcase> <!-- canLoginToApp -->
  <testcase name="runScenario" time="0.0" classname="io.cucumber.testng.AbstractTestNGCucumberTests">
    <ignored/>
  </testcase> <!-- runScenario -->
</testsuite> <!-- Default test -->
